<?xml version="1.0" encoding="UTF-8"?>
<testng-results skipped="0" failed="0" ignored="0" total="0" passed="0">
  <reporter-output>
  </reporter-output>
  <suite name="TEKSystem.Koch.AppTest" duration-ms="8" started-at="2020-09-20T08:06:53Z" finished-at="2020-09-20T08:06:53Z">
    <groups>
    </groups>
    <test name="Command line test" duration-ms="8" started-at="2020-09-20T08:06:53Z" finished-at="2020-09-20T08:06:53Z">
    </test> <!-- Command line test -->
  </suite> <!-- TEKSystem.Koch.AppTest -->
</testng-results>
